  main.cpp
d:\desktop\圖學hw3\as03_framework\openglframework-vs2017\openglframework-vs2017\main.cpp(368): warning C4244: '引數': 將 'double' 轉換為 'float'，由於類型不同，可能導致資料遺失
d:\desktop\圖學hw3\as03_framework\openglframework-vs2017\openglframework-vs2017\main.cpp(508): warning C4267: '=': 將 'size_t' 轉換為 'int'，資料可能遺失
d:\desktop\圖學hw3\as03_framework\openglframework-vs2017\openglframework-vs2017\main.cpp(614): warning C4244: '-=': 將 'double' 轉換為 'float'，由於類型不同，可能導致資料遺失
d:\desktop\圖學hw3\as03_framework\openglframework-vs2017\openglframework-vs2017\main.cpp(619): warning C4244: '+=': 將 'double' 轉換為 'float'，由於類型不同，可能導致資料遺失
d:\desktop\圖學hw3\as03_framework\openglframework-vs2017\openglframework-vs2017\main.cpp(624): warning C4244: '+=': 將 'double' 轉換為 'float'，由於類型不同，可能導致資料遺失
d:\desktop\圖學hw3\as03_framework\openglframework-vs2017\openglframework-vs2017\main.cpp(629): warning C4244: '+=': 將 'double' 轉換為 'float'，由於類型不同，可能導致資料遺失
d:\desktop\圖學hw3\as03_framework\openglframework-vs2017\openglframework-vs2017\main.cpp(632): warning C4244: '+=': 將 'double' 轉換為 'float'，由於類型不同，可能導致資料遺失
d:\desktop\圖學hw3\as03_framework\openglframework-vs2017\openglframework-vs2017\main.cpp(635): warning C4244: '+=': 將 'double' 轉換為 'float'，由於類型不同，可能導致資料遺失
d:\desktop\圖學hw3\as03_framework\openglframework-vs2017\openglframework-vs2017\main.cpp(642): warning C4244: '引數': 將 'double' 轉換為 'float'，由於類型不同，可能導致資料遺失
d:\desktop\圖學hw3\as03_framework\openglframework-vs2017\openglframework-vs2017\main.cpp(645): warning C4244: '+=': 將 'double' 轉換為 'GLfloat'，由於類型不同，可能導致資料遺失
d:\desktop\圖學hw3\as03_framework\openglframework-vs2017\openglframework-vs2017\main.cpp(654): warning C4244: '+=': 將 'double' 轉換為 'GLfloat'，由於類型不同，可能導致資料遺失
d:\desktop\圖學hw3\as03_framework\openglframework-vs2017\openglframework-vs2017\main.cpp(679): warning C4244: '正在初始化': 將 'int' 轉換為 'float'，由於類型不同，可能導致資料遺失
d:\desktop\圖學hw3\as03_framework\openglframework-vs2017\openglframework-vs2017\main.cpp(680): warning C4244: '正在初始化': 將 'int' 轉換為 'float'，由於類型不同，可能導致資料遺失
d:\desktop\圖學hw3\as03_framework\openglframework-vs2017\openglframework-vs2017\main.cpp(686): warning C4244: '+=': 將 'double' 轉換為 'float'，由於類型不同，可能導致資料遺失
d:\desktop\圖學hw3\as03_framework\openglframework-vs2017\openglframework-vs2017\main.cpp(687): warning C4244: '+=': 將 'double' 轉換為 'float'，由於類型不同，可能導致資料遺失
d:\desktop\圖學hw3\as03_framework\openglframework-vs2017\openglframework-vs2017\main.cpp(692): warning C4244: '+=': 將 'double' 轉換為 'float'，由於類型不同，可能導致資料遺失
d:\desktop\圖學hw3\as03_framework\openglframework-vs2017\openglframework-vs2017\main.cpp(693): warning C4244: '-=': 將 'double' 轉換為 'float'，由於類型不同，可能導致資料遺失
d:\desktop\圖學hw3\as03_framework\openglframework-vs2017\openglframework-vs2017\main.cpp(698): warning C4244: '+=': 將 'double' 轉換為 'float'，由於類型不同，可能導致資料遺失
d:\desktop\圖學hw3\as03_framework\openglframework-vs2017\openglframework-vs2017\main.cpp(699): warning C4244: '+=': 將 'double' 轉換為 'float'，由於類型不同，可能導致資料遺失
d:\desktop\圖學hw3\as03_framework\openglframework-vs2017\openglframework-vs2017\main.cpp(704): warning C4244: '+=': 將 'double' 轉換為 'float'，由於類型不同，可能導致資料遺失
d:\desktop\圖學hw3\as03_framework\openglframework-vs2017\openglframework-vs2017\main.cpp(705): warning C4244: '+=': 將 'double' 轉換為 'float'，由於類型不同，可能導致資料遺失
d:\desktop\圖學hw3\as03_framework\openglframework-vs2017\openglframework-vs2017\main.cpp(708): warning C4244: '+=': 將 'double' 轉換為 'float'，由於類型不同，可能導致資料遺失
d:\desktop\圖學hw3\as03_framework\openglframework-vs2017\openglframework-vs2017\main.cpp(709): warning C4244: '+=': 將 'double' 轉換為 'float'，由於類型不同，可能導致資料遺失
d:\desktop\圖學hw3\as03_framework\openglframework-vs2017\openglframework-vs2017\main.cpp(712): warning C4244: '+=': 將 'double' 轉換為 'float'，由於類型不同，可能導致資料遺失
d:\desktop\圖學hw3\as03_framework\openglframework-vs2017\openglframework-vs2017\main.cpp(713): warning C4244: '+=': 將 'double' 轉換為 'float'，由於類型不同，可能導致資料遺失
d:\desktop\圖學hw3\as03_framework\openglframework-vs2017\openglframework-vs2017\main.cpp(716): warning C4244: '+=': 將 'double' 轉換為 'float'，由於類型不同，可能導致資料遺失
d:\desktop\圖學hw3\as03_framework\openglframework-vs2017\openglframework-vs2017\main.cpp(717): warning C4244: '-=': 將 'double' 轉換為 'float'，由於類型不同，可能導致資料遺失
d:\desktop\圖學hw3\as03_framework\openglframework-vs2017\openglframework-vs2017\main.cpp(990): warning C4267: '=': 將 'size_t' 轉換為 'int'，資料可能遺失
d:\desktop\圖學hw3\as03_framework\openglframework-vs2017\openglframework-vs2017\main.cpp(1056): warning C4477: 'printf' : 格式字串 '%d' 需要 'int' 類型的引數，但 variadic 引數 1 的類型為 'unsigned __int64'
  d:\desktop\圖學hw3\as03_framework\openglframework-vs2017\openglframework-vs2017\main.cpp(1056): note: 請考慮在格式字串中使用 '%zd'
d:\desktop\圖學hw3\as03_framework\openglframework-vs2017\openglframework-vs2017\main.cpp(1056): warning C4477: 'printf' : 格式字串 '%d' 需要 'int' 類型的引數，但 variadic 引數 2 的類型為 'unsigned __int64'
  d:\desktop\圖學hw3\as03_framework\openglframework-vs2017\openglframework-vs2017\main.cpp(1056): note: 請考慮在格式字串中使用 '%zd'
d:\desktop\圖學hw3\as03_framework\openglframework-vs2017\openglframework-vs2017\main.cpp(1115): warning C4305: '=': 從 'double' 轉換為 'GLfloat'，是由較大的類型轉換為較小的類型，可能導致資料遺失
d:\desktop\圖學hw3\as03_framework\openglframework-vs2017\openglframework-vs2017\main.cpp(1202): warning C4305: '引數': 從 'double' 轉換為 'GLfloat'，是由較大的類型轉換為較小的類型，可能導致資料遺失
  OpenGLFramework-VS2017.vcxproj -> D:\desktop\圖學HW3\AS03_Framework\OpenGLFramework-VS2017\x64\Debug\OpenGLFramework-VS2017.exe
