  main.cpp
d:\desktop\as01_framework\hw1_vs2017_framework\openglframework-vs2017\main.cpp(297): warning C4244: '正在初始化': 將 'double' 轉換為 'GLfloat'，由於類型不同，可能導致資料遺失
d:\desktop\as01_framework\hw1_vs2017_framework\openglframework-vs2017\main.cpp(345): warning C4305: '正在初始化': 從 'double' 轉換為 'GLfloat'，是由較大的類型轉換為較小的類型，可能導致資料遺失
d:\desktop\as01_framework\hw1_vs2017_framework\openglframework-vs2017\main.cpp(352): warning C4305: '正在初始化': 從 'double' 轉換為 'GLfloat'，是由較大的類型轉換為較小的類型，可能導致資料遺失
d:\desktop\as01_framework\hw1_vs2017_framework\openglframework-vs2017\main.cpp(433): warning C4267: '=': 將 'size_t' 轉換為 'int'，資料可能遺失
d:\desktop\as01_framework\hw1_vs2017_framework\openglframework-vs2017\main.cpp(498): warning C4244: '+=': 將 'double' 轉換為 'float'，由於類型不同，可能導致資料遺失
d:\desktop\as01_framework\hw1_vs2017_framework\openglframework-vs2017\main.cpp(501): warning C4244: '+=': 將 'double' 轉換為 'float'，由於類型不同，可能導致資料遺失
d:\desktop\as01_framework\hw1_vs2017_framework\openglframework-vs2017\main.cpp(504): warning C4244: '+=': 將 'double' 轉換為 'float'，由於類型不同，可能導致資料遺失
d:\desktop\as01_framework\hw1_vs2017_framework\openglframework-vs2017\main.cpp(507): warning C4244: '-=': 將 'double' 轉換為 'float'，由於類型不同，可能導致資料遺失
d:\desktop\as01_framework\hw1_vs2017_framework\openglframework-vs2017\main.cpp(511): warning C4244: '+=': 將 'double' 轉換為 'float'，由於類型不同，可能導致資料遺失
d:\desktop\as01_framework\hw1_vs2017_framework\openglframework-vs2017\main.cpp(515): warning C4244: '+=': 將 'double' 轉換為 'float'，由於類型不同，可能導致資料遺失
d:\desktop\as01_framework\hw1_vs2017_framework\openglframework-vs2017\main.cpp(544): warning C4244: '+=': 將 'double' 轉換為 'float'，由於類型不同，可能導致資料遺失
d:\desktop\as01_framework\hw1_vs2017_framework\openglframework-vs2017\main.cpp(545): warning C4244: '-=': 將 'double' 轉換為 'float'，由於類型不同，可能導致資料遺失
d:\desktop\as01_framework\hw1_vs2017_framework\openglframework-vs2017\main.cpp(548): warning C4244: '-=': 將 'double' 轉換為 'float'，由於類型不同，可能導致資料遺失
d:\desktop\as01_framework\hw1_vs2017_framework\openglframework-vs2017\main.cpp(549): warning C4244: '-=': 將 'double' 轉換為 'float'，由於類型不同，可能導致資料遺失
d:\desktop\as01_framework\hw1_vs2017_framework\openglframework-vs2017\main.cpp(552): warning C4244: '-=': 將 'double' 轉換為 'float'，由於類型不同，可能導致資料遺失
d:\desktop\as01_framework\hw1_vs2017_framework\openglframework-vs2017\main.cpp(553): warning C4244: '-=': 將 'double' 轉換為 'float'，由於類型不同，可能導致資料遺失
d:\desktop\as01_framework\hw1_vs2017_framework\openglframework-vs2017\main.cpp(556): warning C4244: '-=': 將 'double' 轉換為 'float'，由於類型不同，可能導致資料遺失
d:\desktop\as01_framework\hw1_vs2017_framework\openglframework-vs2017\main.cpp(557): warning C4244: '+=': 將 'double' 轉換為 'float'，由於類型不同，可能導致資料遺失
d:\desktop\as01_framework\hw1_vs2017_framework\openglframework-vs2017\main.cpp(561): warning C4244: '-=': 將 'double' 轉換為 'float'，由於類型不同，可能導致資料遺失
d:\desktop\as01_framework\hw1_vs2017_framework\openglframework-vs2017\main.cpp(562): warning C4244: '-=': 將 'double' 轉換為 'float'，由於類型不同，可能導致資料遺失
d:\desktop\as01_framework\hw1_vs2017_framework\openglframework-vs2017\main.cpp(566): warning C4244: '-=': 將 'double' 轉換為 'float'，由於類型不同，可能導致資料遺失
d:\desktop\as01_framework\hw1_vs2017_framework\openglframework-vs2017\main.cpp(567): warning C4244: '-=': 將 'double' 轉換為 'float'，由於類型不同，可能導致資料遺失
d:\desktop\as01_framework\hw1_vs2017_framework\openglframework-vs2017\main.cpp(791): warning C4477: 'printf' : 格式字串 '%d' 需要 'int' 類型的引數，但 variadic 引數 1 的類型為 'unsigned __int64'
  d:\desktop\as01_framework\hw1_vs2017_framework\openglframework-vs2017\main.cpp(791): note: 請考慮在格式字串中使用 '%zd'
d:\desktop\as01_framework\hw1_vs2017_framework\openglframework-vs2017\main.cpp(791): warning C4477: 'printf' : 格式字串 '%d' 需要 'int' 類型的引數，但 variadic 引數 2 的類型為 'unsigned __int64'
  d:\desktop\as01_framework\hw1_vs2017_framework\openglframework-vs2017\main.cpp(791): note: 請考慮在格式字串中使用 '%zd'
d:\desktop\as01_framework\hw1_vs2017_framework\openglframework-vs2017\main.cpp(803): warning C4267: '=': 將 'size_t' 轉換為 'int'，資料可能遺失
d:\desktop\as01_framework\hw1_vs2017_framework\openglframework-vs2017\main.cpp(828): warning C4305: '=': 從 'double' 轉換為 'GLfloat'，是由較大的類型轉換為較小的類型，可能導致資料遺失
d:\desktop\as01_framework\hw1_vs2017_framework\openglframework-vs2017\main.cpp(848): warning C4305: '引數': 從 'double' 轉換為 'GLfloat'，是由較大的類型轉換為較小的類型，可能導致資料遺失
  OpenGLFramework-VS2017.vcxproj -> D:\desktop\AS01_Framework\HW1_VS2017_Framework\x64\Debug\OpenGLFramework-VS2017.exe
